<?xml version="1.0" encoding="UTF-8"?>
<testng-results ignored="0" total="1" passed="1" failed="0" skipped="0">
  <reporter-output>
  </reporter-output>
  <suite started-at="2020-04-17T00:42:08 IST" name="Suite" finished-at="2020-04-17T00:43:25 IST" duration-ms="76899">
    <groups>
    </groups>
    <test started-at="2020-04-17T00:42:08 IST" name="Test" finished-at="2020-04-17T00:43:25 IST" duration-ms="76899">
      <class name="com.inetBanking.testCases.TC003_AddNewCustomer">
        <test-method is-config="true" signature="setUp(java.lang.String)[pri:0, instance:com.inetBanking.testCases.TC003_AddNewCustomer@6b8ca3c8]" started-at="2020-04-17T00:42:08 IST" name="setUp" finished-at="2020-04-17T00:43:03 IST" duration-ms="54651" status="PASS">
          <params>
            <param index="0">
              <value>
                <![CDATA[firefox]]>
              </value>
            </param>
          </params>
          <reporter-output>
          </reporter-output>
        </test-method> <!-- setUp -->
        <test-method signature="addNewCustomer()[pri:0, instance:com.inetBanking.testCases.TC003_AddNewCustomer@6b8ca3c8]" started-at="2020-04-17T00:43:03 IST" name="addNewCustomer" finished-at="2020-04-17T00:43:20 IST" duration-ms="16812" status="PASS">
          <reporter-output>
          </reporter-output>
        </test-method> <!-- addNewCustomer -->
        <test-method is-config="true" signature="tearDown()[pri:0, instance:com.inetBanking.testCases.TC003_AddNewCustomer@6b8ca3c8]" started-at="2020-04-17T00:43:20 IST" name="tearDown" finished-at="2020-04-17T00:43:25 IST" duration-ms="4841" status="PASS">
          <reporter-output>
          </reporter-output>
        </test-method> <!-- tearDown -->
      </class> <!-- com.inetBanking.testCases.TC003_AddNewCustomer -->
    </test> <!-- Test -->
  </suite> <!-- Suite -->
</testng-results>
